<?xml version="1.0" encoding="UTF-8"?>
<!-- Generated by org.testng.reporters.JUnitXMLReporter -->
<testsuite ignored="1" hostname="DESKTOP-HGSVJP8" failures="0" tests="4" name="Default test" time="0.068" errors="0" timestamp="2021-02-10T15:26:14 IST">
  <testcase classname="testNG.IgnoreTest" name="Logout" time="0.009"/>
  <testcase classname="testNG.IgnoreTest" name="browserlaunch" time="0.002"/>
  <testcase classname="testNG.IgnoreTest" name="searchlaptop" time="0.003"/>
  <testcase classname="testNG.IgnoreTest" name="searchmoblie" time="0.001"/>
  <testcase classname="testNG.IgnoreTest" name="Login" time="0.0">
    <ignored/>
  </testcase> <!-- Login -->
</testsuite> <!-- Default test -->
