<?xml version="1.0" encoding="UTF-8"?>
<testng-results ignored="1" total="5" passed="4" failed="0" skipped="0">
  <reporter-output>
  </reporter-output>
  <suite started-at="2021-02-10T15:26:14 IST" name="Default suite" finished-at="2021-02-10T15:26:14 IST" duration-ms="68">
    <groups>
    </groups>
    <test started-at="2021-02-10T15:26:14 IST" name="Default test" finished-at="2021-02-10T15:26:14 IST" duration-ms="68">
      <class name="testNG.IgnoreTest">
        <test-method signature="Logout()[pri:0, instance:testNG.IgnoreTest@1d8bd0de]" started-at="2021-02-10T15:26:14 IST" name="Logout" finished-at="2021-02-10T15:26:14 IST" duration-ms="9" status="PASS">
          <reporter-output>
          </reporter-output>
        </test-method> <!-- Logout -->
        <test-method signature="browserlaunch()[pri:0, instance:testNG.IgnoreTest@1d8bd0de]" started-at="2021-02-10T15:26:14 IST" name="browserlaunch" finished-at="2021-02-10T15:26:14 IST" duration-ms="2" status="PASS">
          <reporter-output>
          </reporter-output>
        </test-method> <!-- browserlaunch -->
        <test-method signature="searchlaptop()[pri:0, instance:testNG.IgnoreTest@1d8bd0de]" started-at="2021-02-10T15:26:14 IST" name="searchlaptop" finished-at="2021-02-10T15:26:14 IST" duration-ms="3" status="PASS">
          <reporter-output>
          </reporter-output>
        </test-method> <!-- searchlaptop -->
        <test-method signature="searchmoblie()[pri:0, instance:testNG.IgnoreTest@1d8bd0de]" started-at="2021-02-10T15:26:14 IST" name="searchmoblie" finished-at="2021-02-10T15:26:14 IST" duration-ms="1" status="PASS">
          <reporter-output>
          </reporter-output>
        </test-method> <!-- searchmoblie -->
      </class> <!-- testNG.IgnoreTest -->
    </test> <!-- Default test -->
  </suite> <!-- Default suite -->
</testng-results>
